{"/Users/joaoguilhermedecastro/Desktop/PRIVADO/Infinity Cursos/Programaçao/back-infinity/src/server.ts": {"path":"/Users/joaoguilhermedecastro/Desktop/PRIVADO/Infinity Cursos/Programaçao/back-infinity/src/server.ts","statementMap":{"0":{"start":{"line":12,"column":0},"end":{"line":12,"column":16}},"1":{"start":{"line":1,"column":0},"end":{"line":1,"column":23}},"2":{"start":{"line":2,"column":0},"end":{"line":2,"column":30}},"3":{"start":{"line":3,"column":0},"end":{"line":3,"column":51}},"4":{"start":{"line":4,"column":0},"end":{"line":4,"column":51}},"5":{"start":{"line":5,"column":0},"end":{"line":5,"column":49}},"6":{"start":{"line":6,"column":0},"end":{"line":6,"column":61}},"7":{"start":{"line":7,"column":0},"end":{"line":7,"column":55}},"8":{"start":{"line":8,"column":0},"end":{"line":8,"column":28}},"9":{"start":{"line":9,"column":0},"end":{"line":9,"column":33}},"10":{"start":{"line":10,"column":0},"end":{"line":10,"column":57}},"11":{"start":{"line":13,"column":17},"end":{"line":13,"column":26}},"12":{"start":{"line":16,"column":2},"end":{"line":16,"column":31}},"13":{"start":{"line":17,"column":2},"end":{"line":17,"column":31}},"14":{"start":{"line":18,"column":2},"end":{"line":18,"column":30}},"15":{"start":{"line":19,"column":2},"end":{"line":19,"column":36}},"16":{"start":{"line":20,"column":2},"end":{"line":20,"column":33}},"17":{"start":{"line":21,"column":2},"end":{"line":21,"column":34}},"18":{"start":{"line":24,"column":2},"end":{"line":26,"column":5}},"19":{"start":{"line":28,"column":2},"end":{"line":28,"column":16}},"20":{"start":{"line":32,"column":0},"end":{"line":41,"column":1}},"21":{"start":{"line":33,"column":17},"end":{"line":33,"column":30}},"22":{"start":{"line":34,"column":2},"end":{"line":40,"column":5}},"23":{"start":{"line":35,"column":4},"end":{"line":38,"column":5}},"24":{"start":{"line":36,"column":6},"end":{"line":36,"column":25}},"25":{"start":{"line":37,"column":6},"end":{"line":37,"column":22}},"26":{"start":{"line":39,"column":4},"end":{"line":39,"column":51}}},"fnMap":{"0":{"name":"buildServer","decl":{"start":{"line":12,"column":16},"end":{"line":12,"column":27}},"loc":{"start":{"line":12,"column":27},"end":{"line":29,"column":1}}},"1":{"name":"(anonymous_2)","decl":{"start":{"line":34,"column":53},"end":{"line":34,"column":54}},"loc":{"start":{"line":34,"column":70},"end":{"line":40,"column":3}}}},"branchMap":{"0":{"loc":{"start":{"line":32,"column":0},"end":{"line":41,"column":1}},"type":"if","locations":[{"start":{"line":32,"column":0},"end":{"line":41,"column":1}}]},"1":{"loc":{"start":{"line":35,"column":4},"end":{"line":38,"column":5}},"type":"if","locations":[{"start":{"line":35,"column":4},"end":{"line":38,"column":5}}]}},"s":{"0":1,"1":1,"2":1,"3":1,"4":1,"5":1,"6":1,"7":1,"8":1,"9":1,"10":1,"11":1,"12":1,"13":1,"14":1,"15":1,"16":1,"17":1,"18":1,"19":1,"20":1,"21":0,"22":0,"23":0,"24":0,"25":0,"26":0},"f":{"0":1,"1":0},"b":{"0":[0],"1":[0]}}
,"/Users/joaoguilhermedecastro/Desktop/PRIVADO/Infinity Cursos/Programaçao/back-infinity/src/env/index.ts": {"path":"/Users/joaoguilhermedecastro/Desktop/PRIVADO/Infinity Cursos/Programaçao/back-infinity/src/env/index.ts","statementMap":{"0":{"start":{"line":1,"column":0},"end":{"line":1,"column":24}},"1":{"start":{"line":3,"column":18},"end":{"line":8,"column":2}},"2":{"start":{"line":10,"column":13},"end":{"line":10,"column":45}},"3":{"start":{"line":12,"column":0},"end":{"line":15,"column":1}},"4":{"start":{"line":13,"column":2},"end":{"line":13,"column":71}},"5":{"start":{"line":14,"column":2},"end":{"line":14,"column":50}},"6":{"start":{"line":17,"column":13},"end":{"line":17,"column":29}}},"fnMap":{},"branchMap":{"0":{"loc":{"start":{"line":12,"column":0},"end":{"line":15,"column":1}},"type":"if","locations":[{"start":{"line":12,"column":0},"end":{"line":15,"column":1}}]}},"s":{"0":1,"1":1,"2":1,"3":1,"4":0,"5":0,"6":1},"f":{},"b":{"0":[0]}}
,"/Users/joaoguilhermedecastro/Desktop/PRIVADO/Infinity Cursos/Programaçao/back-infinity/src/lib/prisma.ts": {"path":"/Users/joaoguilhermedecastro/Desktop/PRIVADO/Infinity Cursos/Programaçao/back-infinity/src/lib/prisma.ts","statementMap":{"0":{"start":{"line":1,"column":0},"end":{"line":1,"column":46}},"1":{"start":{"line":3,"column":15},"end":{"line":3,"column":33}},"2":{"start":{"line":5,"column":9},"end":{"line":5,"column":15}}},"fnMap":{},"branchMap":{},"s":{"0":1,"1":1,"2":1},"f":{},"b":{}}
,"/Users/joaoguilhermedecastro/Desktop/PRIVADO/Infinity Cursos/Programaçao/back-infinity/src/middleware/auth.ts": {"path":"/Users/joaoguilhermedecastro/Desktop/PRIVADO/Infinity Cursos/Programaçao/back-infinity/src/middleware/auth.ts","statementMap":{"0":{"start":{"line":5,"column":0},"end":{"line":5,"column":7}},"1":{"start":{"line":22,"column":0},"end":{"line":22,"column":16}},"2":{"start":{"line":2,"column":0},"end":{"line":2,"column":31}},"3":{"start":{"line":3,"column":0},"end":{"line":3,"column":29}},"4":{"start":{"line":6,"column":2},"end":{"line":18,"column":3}},"5":{"start":{"line":7,"column":18},"end":{"line":7,"column":62}},"6":{"start":{"line":8,"column":4},"end":{"line":10,"column":5}},"7":{"start":{"line":9,"column":6},"end":{"line":9,"column":70}},"8":{"start":{"line":12,"column":20},"end":{"line":12,"column":100}},"9":{"start":{"line":14,"column":4},"end":{"line":14,"column":68}},"10":{"start":{"line":17,"column":4},"end":{"line":17,"column":63}},"11":{"start":{"line":23,"column":2},"end":{"line":33,"column":4}},"12":{"start":{"line":24,"column":4},"end":{"line":26,"column":5}},"13":{"start":{"line":25,"column":6},"end":{"line":25,"column":86}},"14":{"start":{"line":28,"column":22},"end":{"line":28,"column":34}},"15":{"start":{"line":30,"column":4},"end":{"line":32,"column":5}},"16":{"start":{"line":31,"column":6},"end":{"line":31,"column":111}}},"fnMap":{"0":{"name":"verificarToken","decl":{"start":{"line":5,"column":22},"end":{"line":5,"column":36}},"loc":{"start":{"line":5,"column":81},"end":{"line":19,"column":1}}},"1":{"name":"verificarPermissao","decl":{"start":{"line":22,"column":16},"end":{"line":22,"column":34}},"loc":{"start":{"line":22,"column":65},"end":{"line":34,"column":1}}},"2":{"name":"(anonymous_3)","decl":{"start":{"line":23,"column":9},"end":{"line":23,"column":14}},"loc":{"start":{"line":23,"column":64},"end":{"line":33,"column":3}}}},"branchMap":{"0":{"loc":{"start":{"line":8,"column":4},"end":{"line":10,"column":5}},"type":"if","locations":[{"start":{"line":8,"column":4},"end":{"line":10,"column":5}}]},"1":{"loc":{"start":{"line":24,"column":4},"end":{"line":26,"column":5}},"type":"if","locations":[{"start":{"line":24,"column":4},"end":{"line":26,"column":5}}]},"2":{"loc":{"start":{"line":24,"column":8},"end":{"line":24,"column":44}},"type":"binary-expr","locations":[{"start":{"line":24,"column":8},"end":{"line":24,"column":21}},{"start":{"line":24,"column":25},"end":{"line":24,"column":44}}]},"3":{"loc":{"start":{"line":30,"column":4},"end":{"line":32,"column":5}},"type":"if","locations":[{"start":{"line":30,"column":4},"end":{"line":32,"column":5}}]}},"s":{"0":1,"1":1,"2":1,"3":1,"4":1,"5":1,"6":1,"7":0,"8":1,"9":1,"10":0,"11":10,"12":1,"13":0,"14":1,"15":1,"16":0},"f":{"0":1,"1":10,"2":1},"b":{"0":[0],"1":[0],"2":[1,1],"3":[0]}}
,"/Users/joaoguilhermedecastro/Desktop/PRIVADO/Infinity Cursos/Programaçao/back-infinity/src/repositories/PresencaRepository.ts": {"path":"/Users/joaoguilhermedecastro/Desktop/PRIVADO/Infinity Cursos/Programaçao/back-infinity/src/repositories/PresencaRepository.ts","statementMap":{"0":{"start":{"line":1,"column":0},"end":{"line":1,"column":39}},"1":{"start":{"line":5,"column":4},"end":{"line":7,"column":7}},"2":{"start":{"line":11,"column":4},"end":{"line":13,"column":7}},"3":{"start":{"line":17,"column":4},"end":{"line":19,"column":7}},"4":{"start":{"line":23,"column":4},"end":{"line":25,"column":7}},"5":{"start":{"line":29,"column":4},"end":{"line":31,"column":7}},"6":{"start":{"line":3,"column":0},"end":{"line":3,"column":13}}},"fnMap":{"0":{"name":"(anonymous_0)","decl":{"start":{"line":4,"column":2},"end":{"line":4,"column":7}},"loc":{"start":{"line":4,"column":109},"end":{"line":8,"column":3}}},"1":{"name":"(anonymous_1)","decl":{"start":{"line":10,"column":2},"end":{"line":10,"column":7}},"loc":{"start":{"line":10,"column":37},"end":{"line":14,"column":3}}},"2":{"name":"(anonymous_2)","decl":{"start":{"line":16,"column":2},"end":{"line":16,"column":7}},"loc":{"start":{"line":16,"column":37},"end":{"line":20,"column":3}}},"3":{"name":"(anonymous_3)","decl":{"start":{"line":22,"column":2},"end":{"line":22,"column":7}},"loc":{"start":{"line":22,"column":35},"end":{"line":26,"column":3}}},"4":{"name":"(anonymous_4)","decl":{"start":{"line":28,"column":2},"end":{"line":28,"column":7}},"loc":{"start":{"line":28,"column":33},"end":{"line":32,"column":3}}}},"branchMap":{},"s":{"0":1,"1":0,"2":0,"3":0,"4":0,"5":0,"6":1},"f":{"0":0,"1":0,"2":0,"3":0,"4":0},"b":{}}
,"/Users/joaoguilhermedecastro/Desktop/PRIVADO/Infinity Cursos/Programaçao/back-infinity/src/repositories/cursoRepository.ts": {"path":"/Users/joaoguilhermedecastro/Desktop/PRIVADO/Infinity Cursos/Programaçao/back-infinity/src/repositories/cursoRepository.ts","statementMap":{"0":{"start":{"line":1,"column":0},"end":{"line":1,"column":39}},"1":{"start":{"line":5,"column":4},"end":{"line":13,"column":7}},"2":{"start":{"line":17,"column":4},"end":{"line":23,"column":7}},"3":{"start":{"line":27,"column":4},"end":{"line":32,"column":7}},"4":{"start":{"line":36,"column":4},"end":{"line":39,"column":7}},"5":{"start":{"line":43,"column":4},"end":{"line":45,"column":7}},"6":{"start":{"line":3,"column":0},"end":{"line":3,"column":13}}},"fnMap":{"0":{"name":"(anonymous_0)","decl":{"start":{"line":4,"column":2},"end":{"line":4,"column":7}},"loc":{"start":{"line":4,"column":127},"end":{"line":14,"column":3}}},"1":{"name":"(anonymous_1)","decl":{"start":{"line":16,"column":2},"end":{"line":16,"column":7}},"loc":{"start":{"line":16,"column":32},"end":{"line":24,"column":3}}},"2":{"name":"(anonymous_2)","decl":{"start":{"line":26,"column":2},"end":{"line":26,"column":7}},"loc":{"start":{"line":26,"column":15},"end":{"line":33,"column":3}}},"3":{"name":"(anonymous_3)","decl":{"start":{"line":35,"column":2},"end":{"line":35,"column":7}},"loc":{"start":{"line":35,"column":149},"end":{"line":40,"column":3}}},"4":{"name":"(anonymous_4)","decl":{"start":{"line":42,"column":2},"end":{"line":42,"column":7}},"loc":{"start":{"line":42,"column":30},"end":{"line":46,"column":3}}}},"branchMap":{},"s":{"0":1,"1":1,"2":0,"3":0,"4":0,"5":0,"6":1},"f":{"0":1,"1":0,"2":0,"3":0,"4":0},"b":{}}
,"/Users/joaoguilhermedecastro/Desktop/PRIVADO/Infinity Cursos/Programaçao/back-infinity/src/repositories/financeiroRepository.ts": {"path":"/Users/joaoguilhermedecastro/Desktop/PRIVADO/Infinity Cursos/Programaçao/back-infinity/src/repositories/financeiroRepository.ts","statementMap":{"0":{"start":{"line":1,"column":0},"end":{"line":1,"column":39}},"1":{"start":{"line":2,"column":0},"end":{"line":2,"column":58}},"2":{"start":{"line":6,"column":4},"end":{"line":16,"column":7}},"3":{"start":{"line":20,"column":23},"end":{"line":22,"column":6}},"4":{"start":{"line":24,"column":4},"end":{"line":26,"column":5}},"5":{"start":{"line":25,"column":6},"end":{"line":25,"column":61}},"6":{"start":{"line":28,"column":4},"end":{"line":30,"column":5}},"7":{"start":{"line":29,"column":6},"end":{"line":29,"column":67}},"8":{"start":{"line":32,"column":23},"end":{"line":32,"column":43}},"9":{"start":{"line":34,"column":4},"end":{"line":43,"column":7}},"10":{"start":{"line":47,"column":23},"end":{"line":49,"column":6}},"11":{"start":{"line":51,"column":4},"end":{"line":53,"column":5}},"12":{"start":{"line":52,"column":6},"end":{"line":52,"column":61}},"13":{"start":{"line":55,"column":4},"end":{"line":65,"column":7}},"14":{"start":{"line":69,"column":4},"end":{"line":71,"column":7}},"15":{"start":{"line":75,"column":4},"end":{"line":78,"column":7}},"16":{"start":{"line":82,"column":29},"end":{"line":87,"column":6}},"17":{"start":{"line":89,"column":23},"end":{"line":95,"column":null}},"18":{"start":{"line":91,"column":8},"end":{"line":94,"column":10}},"19":{"start":{"line":98,"column":4},"end":{"line":98,"column":22}},"20":{"start":{"line":102,"column":4},"end":{"line":104,"column":7}},"21":{"start":{"line":108,"column":17},"end":{"line":108,"column":27}},"22":{"start":{"line":110,"column":4},"end":{"line":128,"column":5}},"23":{"start":{"line":112,"column":21},"end":{"line":122,"column":8}},"24":{"start":{"line":124,"column":6},"end":{"line":124,"column":84}},"25":{"start":{"line":126,"column":6},"end":{"line":126,"column":71}},"26":{"start":{"line":127,"column":6},"end":{"line":127,"column":66}},"27":{"start":{"line":4,"column":0},"end":{"line":4,"column":13}}},"fnMap":{"0":{"name":"(anonymous_0)","decl":{"start":{"line":5,"column":2},"end":{"line":5,"column":7}},"loc":{"start":{"line":5,"column":153},"end":{"line":17,"column":3}}},"1":{"name":"(anonymous_1)","decl":{"start":{"line":19,"column":2},"end":{"line":19,"column":7}},"loc":{"start":{"line":19,"column":107},"end":{"line":44,"column":3}}},"2":{"name":"(anonymous_2)","decl":{"start":{"line":46,"column":2},"end":{"line":46,"column":7}},"loc":{"start":{"line":46,"column":46},"end":{"line":66,"column":3}}},"3":{"name":"(anonymous_3)","decl":{"start":{"line":68,"column":2},"end":{"line":68,"column":7}},"loc":{"start":{"line":68,"column":41},"end":{"line":72,"column":3}}},"4":{"name":"(anonymous_4)","decl":{"start":{"line":74,"column":2},"end":{"line":74,"column":7}},"loc":{"start":{"line":74,"column":67},"end":{"line":79,"column":3}}},"5":{"name":"(anonymous_5)","decl":{"start":{"line":81,"column":2},"end":{"line":81,"column":7}},"loc":{"start":{"line":81,"column":30},"end":{"line":99,"column":3}}},"6":{"name":"(anonymous_6)","decl":{"start":{"line":90,"column":27},"end":{"line":90,"column":28}},"loc":{"start":{"line":91,"column":8},"end":{"line":94,"column":10}}},"7":{"name":"(anonymous_7)","decl":{"start":{"line":101,"column":2},"end":{"line":101,"column":7}},"loc":{"start":{"line":101,"column":35},"end":{"line":105,"column":3}}},"8":{"name":"(anonymous_8)","decl":{"start":{"line":107,"column":2},"end":{"line":107,"column":7}},"loc":{"start":{"line":107,"column":29},"end":{"line":129,"column":3}}}},"branchMap":{"0":{"loc":{"start":{"line":24,"column":4},"end":{"line":26,"column":5}},"type":"if","locations":[{"start":{"line":24,"column":4},"end":{"line":26,"column":5}}]},"1":{"loc":{"start":{"line":28,"column":4},"end":{"line":30,"column":5}},"type":"if","locations":[{"start":{"line":28,"column":4},"end":{"line":30,"column":5}}]},"2":{"loc":{"start":{"line":51,"column":4},"end":{"line":53,"column":5}},"type":"if","locations":[{"start":{"line":51,"column":4},"end":{"line":53,"column":5}}]},"3":{"loc":{"start":{"line":58,"column":15},"end":{"line":58,"column":44}},"type":"binary-expr","locations":[{"start":{"line":58,"column":15},"end":{"line":58,"column":39}},{"start":{"line":58,"column":43},"end":{"line":58,"column":44}}]},"4":{"loc":{"start":{"line":70,"column":13},"end":{"line":70,"column":37}},"type":"cond-expr","locations":[{"start":{"line":70,"column":22},"end":{"line":70,"column":32}},{"start":{"line":70,"column":35},"end":{"line":70,"column":37}}]}},"s":{"0":1,"1":1,"2":0,"3":0,"4":0,"5":0,"6":0,"7":0,"8":0,"9":0,"10":0,"11":0,"12":0,"13":0,"14":0,"15":0,"16":0,"17":0,"18":0,"19":0,"20":0,"21":0,"22":0,"23":0,"24":0,"25":0,"26":0,"27":1},"f":{"0":0,"1":0,"2":0,"3":0,"4":0,"5":0,"6":0,"7":0,"8":0},"b":{"0":[0],"1":[0],"2":[0],"3":[0,0],"4":[0,0]}}
,"/Users/joaoguilhermedecastro/Desktop/PRIVADO/Infinity Cursos/Programaçao/back-infinity/src/repositories/usuarioRepository.ts": {"path":"/Users/joaoguilhermedecastro/Desktop/PRIVADO/Infinity Cursos/Programaçao/back-infinity/src/repositories/usuarioRepository.ts","statementMap":{"0":{"start":{"line":1,"column":0},"end":{"line":1,"column":39}},"1":{"start":{"line":5,"column":4},"end":{"line":7,"column":7}},"2":{"start":{"line":11,"column":4},"end":{"line":13,"column":7}},"3":{"start":{"line":3,"column":0},"end":{"line":3,"column":13}}},"fnMap":{"0":{"name":"(anonymous_0)","decl":{"start":{"line":4,"column":2},"end":{"line":4,"column":7}},"loc":{"start":{"line":4,"column":33},"end":{"line":8,"column":3}}},"1":{"name":"(anonymous_1)","decl":{"start":{"line":10,"column":2},"end":{"line":10,"column":7}},"loc":{"start":{"line":10,"column":82},"end":{"line":14,"column":3}}}},"branchMap":{},"s":{"0":1,"1":0,"2":0,"3":1},"f":{"0":0,"1":0},"b":{}}
,"/Users/joaoguilhermedecastro/Desktop/PRIVADO/Infinity Cursos/Programaçao/back-infinity/src/routes/alunoRoutes.ts": {"path":"/Users/joaoguilhermedecastro/Desktop/PRIVADO/Infinity Cursos/Programaçao/back-infinity/src/routes/alunoRoutes.ts","statementMap":{"0":{"start":{"line":19,"column":0},"end":{"line":19,"column":7}},"1":{"start":{"line":2,"column":0},"end":{"line":2,"column":72}},"2":{"start":{"line":3,"column":0},"end":{"line":3,"column":39}},"3":{"start":{"line":4,"column":2},"end":{"line":4,"column":30}},"4":{"start":{"line":20,"column":2},"end":{"line":39,"column":5}},"5":{"start":{"line":21,"column":4},"end":{"line":38,"column":5}},"6":{"start":{"line":22,"column":90},"end":{"line":22,"column":102}},"7":{"start":{"line":24,"column":24},"end":{"line":34,"column":8}},"8":{"start":{"line":35,"column":6},"end":{"line":35,"column":40}},"9":{"start":{"line":37,"column":6},"end":{"line":37,"column":66}},"10":{"start":{"line":41,"column":2},"end":{"line":61,"column":4}},"11":{"start":{"line":46,"column":6},"end":{"line":59,"column":7}},"12":{"start":{"line":47,"column":23},"end":{"line":55,"column":10}},"13":{"start":{"line":56,"column":8},"end":{"line":56,"column":39}},"14":{"start":{"line":58,"column":8},"end":{"line":58,"column":68}},"15":{"start":{"line":64,"column":2},"end":{"line":97,"column":4}},"16":{"start":{"line":70,"column":6},"end":{"line":95,"column":7}},"17":{"start":{"line":71,"column":22},"end":{"line":85,"column":10}},"18":{"start":{"line":86,"column":8},"end":{"line":89,"column":9}},"19":{"start":{"line":87,"column":10},"end":{"line":87,"column":68}},"20":{"start":{"line":88,"column":10},"end":{"line":88,"column":17}},"21":{"start":{"line":91,"column":8},"end":{"line":91,"column":38}},"22":{"start":{"line":93,"column":8},"end":{"line":93,"column":66}},"23":{"start":{"line":94,"column":8},"end":{"line":94,"column":70}},"24":{"start":{"line":99,"column":2},"end":{"line":122,"column":5}},"25":{"start":{"line":102,"column":19},"end":{"line":102,"column":33}},"26":{"start":{"line":103,"column":79},"end":{"line":103,"column":91}},"27":{"start":{"line":105,"column":4},"end":{"line":121,"column":5}},"28":{"start":{"line":106,"column":30},"end":{"line":116,"column":8}},"29":{"start":{"line":118,"column":6},"end":{"line":118,"column":46}},"30":{"start":{"line":120,"column":6},"end":{"line":120,"column":66}},"31":{"start":{"line":124,"column":2},"end":{"line":137,"column":5}},"32":{"start":{"line":125,"column":33},"end":{"line":125,"column":87}},"33":{"start":{"line":127,"column":4},"end":{"line":136,"column":5}},"34":{"start":{"line":128,"column":30},"end":{"line":131,"column":8}},"35":{"start":{"line":133,"column":6},"end":{"line":133,"column":46}},"36":{"start":{"line":135,"column":6},"end":{"line":135,"column":66}},"37":{"start":{"line":139,"column":0},"end":{"line":178,"column":2}},"38":{"start":{"line":143,"column":4},"end":{"line":176,"column":5}},"39":{"start":{"line":144,"column":21},"end":{"line":144,"column":35}},"40":{"start":{"line":145,"column":24},"end":{"line":145,"column":36}},"41":{"start":{"line":147,"column":6},"end":{"line":149,"column":7}},"42":{"start":{"line":148,"column":8},"end":{"line":148,"column":77}},"43":{"start":{"line":152,"column":22},"end":{"line":154,"column":8}},"44":{"start":{"line":156,"column":6},"end":{"line":158,"column":7}},"45":{"start":{"line":157,"column":8},"end":{"line":157,"column":76}},"46":{"start":{"line":161,"column":26},"end":{"line":161,"column":68}},"47":{"start":{"line":163,"column":6},"end":{"line":165,"column":7}},"48":{"start":{"line":164,"column":8},"end":{"line":164,"column":68}},"49":{"start":{"line":168,"column":6},"end":{"line":170,"column":9}},"50":{"start":{"line":172,"column":6},"end":{"line":172,"column":73}},"51":{"start":{"line":174,"column":6},"end":{"line":174,"column":60}},"52":{"start":{"line":175,"column":6},"end":{"line":175,"column":66}}},"fnMap":{"0":{"name":"alunoRoutes","decl":{"start":{"line":19,"column":22},"end":{"line":19,"column":33}},"loc":{"start":{"line":19,"column":57},"end":{"line":181,"column":1}}},"1":{"name":"(anonymous_2)","decl":{"start":{"line":20,"column":121},"end":{"line":20,"column":126}},"loc":{"start":{"line":20,"column":146},"end":{"line":39,"column":3}}},"2":{"name":"(anonymous_3)","decl":{"start":{"line":45,"column":4},"end":{"line":45,"column":9}},"loc":{"start":{"line":45,"column":29},"end":{"line":60,"column":5}}},"3":{"name":"(anonymous_4)","decl":{"start":{"line":69,"column":4},"end":{"line":69,"column":9}},"loc":{"start":{"line":69,"column":29},"end":{"line":96,"column":5}}},"4":{"name":"(anonymous_5)","decl":{"start":{"line":101,"column":5},"end":{"line":101,"column":10}},"loc":{"start":{"line":101,"column":30},"end":{"line":122,"column":3}}},"5":{"name":"(anonymous_6)","decl":{"start":{"line":124,"column":135},"end":{"line":124,"column":140}},"loc":{"start":{"line":124,"column":160},"end":{"line":137,"column":3}}},"6":{"name":"(anonymous_7)","decl":{"start":{"line":142,"column":2},"end":{"line":142,"column":7}},"loc":{"start":{"line":142,"column":27},"end":{"line":177,"column":3}}}},"branchMap":{"0":{"loc":{"start":{"line":86,"column":8},"end":{"line":89,"column":9}},"type":"if","locations":[{"start":{"line":86,"column":8},"end":{"line":89,"column":9}}]},"1":{"loc":{"start":{"line":147,"column":6},"end":{"line":149,"column":7}},"type":"if","locations":[{"start":{"line":147,"column":6},"end":{"line":149,"column":7}}]},"2":{"loc":{"start":{"line":156,"column":6},"end":{"line":158,"column":7}},"type":"if","locations":[{"start":{"line":156,"column":6},"end":{"line":158,"column":7}}]},"3":{"loc":{"start":{"line":163,"column":6},"end":{"line":165,"column":7}},"type":"if","locations":[{"start":{"line":163,"column":6},"end":{"line":165,"column":7}}]}},"s":{"0":1,"1":1,"2":1,"3":1,"4":1,"5":0,"6":0,"7":0,"8":0,"9":0,"10":1,"11":0,"12":0,"13":0,"14":0,"15":1,"16":0,"17":0,"18":0,"19":0,"20":0,"21":0,"22":0,"23":0,"24":1,"25":0,"26":0,"27":0,"28":0,"29":0,"30":0,"31":1,"32":0,"33":0,"34":0,"35":0,"36":0,"37":1,"38":0,"39":0,"40":0,"41":0,"42":0,"43":0,"44":0,"45":0,"46":0,"47":0,"48":0,"49":0,"50":0,"51":0,"52":0},"f":{"0":1,"1":0,"2":0,"3":0,"4":0,"5":0,"6":0},"b":{"0":[0],"1":[0],"2":[0],"3":[0]}}
,"/Users/joaoguilhermedecastro/Desktop/PRIVADO/Infinity Cursos/Programaçao/back-infinity/src/routes/authRoutes.ts": {"path":"/Users/joaoguilhermedecastro/Desktop/PRIVADO/Infinity Cursos/Programaçao/back-infinity/src/routes/authRoutes.ts","statementMap":{"0":{"start":{"line":9,"column":0},"end":{"line":9,"column":7}},"1":{"start":{"line":2,"column":0},"end":{"line":2,"column":50}},"2":{"start":{"line":10,"column":2},"end":{"line":24,"column":5}},"3":{"start":{"line":11,"column":4},"end":{"line":23,"column":5}},"4":{"start":{"line":12,"column":31},"end":{"line":12,"column":43}},"5":{"start":{"line":14,"column":6},"end":{"line":16,"column":7}},"6":{"start":{"line":15,"column":8},"end":{"line":15,"column":84}},"7":{"start":{"line":18,"column":31},"end":{"line":18,"column":64}},"8":{"start":{"line":20,"column":6},"end":{"line":20,"column":47}},"9":{"start":{"line":22,"column":6},"end":{"line":22,"column":66}}},"fnMap":{"0":{"name":"authRoutes","decl":{"start":{"line":9,"column":22},"end":{"line":9,"column":32}},"loc":{"start":{"line":9,"column":56},"end":{"line":25,"column":1}}},"1":{"name":"(anonymous_1)","decl":{"start":{"line":10,"column":46},"end":{"line":10,"column":51}},"loc":{"start":{"line":10,"column":71},"end":{"line":24,"column":3}}}},"branchMap":{"0":{"loc":{"start":{"line":14,"column":6},"end":{"line":16,"column":7}},"type":"if","locations":[{"start":{"line":14,"column":6},"end":{"line":16,"column":7}}]},"1":{"loc":{"start":{"line":14,"column":10},"end":{"line":14,"column":26}},"type":"binary-expr","locations":[{"start":{"line":14,"column":10},"end":{"line":14,"column":16}},{"start":{"line":14,"column":20},"end":{"line":14,"column":26}}]}},"s":{"0":1,"1":1,"2":1,"3":0,"4":0,"5":0,"6":0,"7":0,"8":0,"9":0},"f":{"0":1,"1":0},"b":{"0":[0],"1":[0,0]}}
,"/Users/joaoguilhermedecastro/Desktop/PRIVADO/Infinity Cursos/Programaçao/back-infinity/src/routes/cursoRoutes.ts": {"path":"/Users/joaoguilhermedecastro/Desktop/PRIVADO/Infinity Cursos/Programaçao/back-infinity/src/routes/cursoRoutes.ts","statementMap":{"0":{"start":{"line":16,"column":0},"end":{"line":16,"column":7}},"1":{"start":{"line":2,"column":0},"end":{"line":2,"column":72}},"2":{"start":{"line":3,"column":0},"end":{"line":3,"column":56}},"3":{"start":{"line":4,"column":0},"end":{"line":4,"column":62}},"4":{"start":{"line":5,"column":0},"end":{"line":5,"column":39}},"5":{"start":{"line":17,"column":2},"end":{"line":35,"column":5}},"6":{"start":{"line":20,"column":4},"end":{"line":34,"column":5}},"7":{"start":{"line":21,"column":77},"end":{"line":21,"column":89}},"8":{"start":{"line":23,"column":24},"end":{"line":29,"column":8}},"9":{"start":{"line":31,"column":6},"end":{"line":31,"column":40}},"10":{"start":{"line":33,"column":6},"end":{"line":33,"column":66}},"11":{"start":{"line":37,"column":2},"end":{"line":46,"column":5}},"12":{"start":{"line":40,"column":4},"end":{"line":45,"column":5}},"13":{"start":{"line":41,"column":21},"end":{"line":41,"column":44}},"14":{"start":{"line":42,"column":6},"end":{"line":42,"column":37}},"15":{"start":{"line":44,"column":6},"end":{"line":44,"column":66}},"16":{"start":{"line":48,"column":2},"end":{"line":63,"column":5}},"17":{"start":{"line":51,"column":19},"end":{"line":51,"column":51}},"18":{"start":{"line":52,"column":4},"end":{"line":62,"column":5}},"19":{"start":{"line":53,"column":20},"end":{"line":55,"column":8}},"20":{"start":{"line":56,"column":6},"end":{"line":58,"column":7}},"21":{"start":{"line":57,"column":8},"end":{"line":57,"column":73}},"22":{"start":{"line":59,"column":6},"end":{"line":59,"column":36}},"23":{"start":{"line":61,"column":6},"end":{"line":61,"column":66}}},"fnMap":{"0":{"name":"cursoRoutes","decl":{"start":{"line":16,"column":22},"end":{"line":16,"column":33}},"loc":{"start":{"line":16,"column":57},"end":{"line":64,"column":1}}},"1":{"name":"(anonymous_1)","decl":{"start":{"line":19,"column":5},"end":{"line":19,"column":10}},"loc":{"start":{"line":19,"column":30},"end":{"line":35,"column":3}}},"2":{"name":"(anonymous_2)","decl":{"start":{"line":39,"column":5},"end":{"line":39,"column":10}},"loc":{"start":{"line":39,"column":30},"end":{"line":46,"column":3}}},"3":{"name":"(anonymous_3)","decl":{"start":{"line":50,"column":5},"end":{"line":50,"column":10}},"loc":{"start":{"line":50,"column":30},"end":{"line":63,"column":3}}}},"branchMap":{"0":{"loc":{"start":{"line":56,"column":6},"end":{"line":58,"column":7}},"type":"if","locations":[{"start":{"line":56,"column":6},"end":{"line":58,"column":7}}]}},"s":{"0":1,"1":1,"2":1,"3":1,"4":1,"5":1,"6":1,"7":1,"8":1,"9":1,"10":0,"11":1,"12":0,"13":0,"14":0,"15":0,"16":1,"17":0,"18":0,"19":0,"20":0,"21":0,"22":0,"23":0},"f":{"0":1,"1":1,"2":0,"3":0},"b":{"0":[0]}}
,"/Users/joaoguilhermedecastro/Desktop/PRIVADO/Infinity Cursos/Programaçao/back-infinity/src/routes/financeiroRoutes.ts": {"path":"/Users/joaoguilhermedecastro/Desktop/PRIVADO/Infinity Cursos/Programaçao/back-infinity/src/routes/financeiroRoutes.ts","statementMap":{"0":{"start":{"line":28,"column":0},"end":{"line":28,"column":7}},"1":{"start":{"line":2,"column":0},"end":{"line":2,"column":24}},"2":{"start":{"line":3,"column":0},"end":{"line":3,"column":72}},"3":{"start":{"line":4,"column":0},"end":{"line":4,"column":64}},"4":{"start":{"line":5,"column":0},"end":{"line":5,"column":64}},"5":{"start":{"line":6,"column":0},"end":{"line":6,"column":92}},"6":{"start":{"line":7,"column":0},"end":{"line":7,"column":39}},"7":{"start":{"line":10,"column":31},"end":{"line":16,"column":2}},"8":{"start":{"line":30,"column":2},"end":{"line":46,"column":5}},"9":{"start":{"line":33,"column":4},"end":{"line":45,"column":5}},"10":{"start":{"line":35,"column":22},"end":{"line":35,"column":64}},"11":{"start":{"line":36,"column":6},"end":{"line":36,"column":48}},"12":{"start":{"line":38,"column":29},"end":{"line":38,"column":60}},"13":{"start":{"line":40,"column":6},"end":{"line":40,"column":68}},"14":{"start":{"line":41,"column":6},"end":{"line":41,"column":45}},"15":{"start":{"line":43,"column":6},"end":{"line":43,"column":56}},"16":{"start":{"line":44,"column":6},"end":{"line":44,"column":66}},"17":{"start":{"line":49,"column":2},"end":{"line":61,"column":5}},"18":{"start":{"line":52,"column":4},"end":{"line":60,"column":5}},"19":{"start":{"line":53,"column":24},"end":{"line":53,"column":48}},"20":{"start":{"line":55,"column":6},"end":{"line":55,"column":56}},"21":{"start":{"line":56,"column":6},"end":{"line":56,"column":40}},"22":{"start":{"line":58,"column":6},"end":{"line":58,"column":69}},"23":{"start":{"line":59,"column":6},"end":{"line":59,"column":81}},"24":{"start":{"line":64,"column":2},"end":{"line":79,"column":5}},"25":{"start":{"line":67,"column":19},"end":{"line":67,"column":33}},"26":{"start":{"line":68,"column":36},"end":{"line":68,"column":48}},"27":{"start":{"line":70,"column":4},"end":{"line":78,"column":5}},"28":{"start":{"line":71,"column":6},"end":{"line":71,"column":55}},"29":{"start":{"line":72,"column":21},"end":{"line":72,"column":79}},"30":{"start":{"line":74,"column":6},"end":{"line":74,"column":37}},"31":{"start":{"line":76,"column":6},"end":{"line":76,"column":62}},"32":{"start":{"line":77,"column":6},"end":{"line":77,"column":66}},"33":{"start":{"line":82,"column":2},"end":{"line":96,"column":5}},"34":{"start":{"line":85,"column":19},"end":{"line":85,"column":33}},"35":{"start":{"line":87,"column":4},"end":{"line":95,"column":5}},"36":{"start":{"line":88,"column":6},"end":{"line":88,"column":57}},"37":{"start":{"line":89,"column":21},"end":{"line":89,"column":56}},"38":{"start":{"line":91,"column":6},"end":{"line":91,"column":37}},"39":{"start":{"line":93,"column":6},"end":{"line":93,"column":58}},"40":{"start":{"line":94,"column":6},"end":{"line":94,"column":66}},"41":{"start":{"line":99,"column":2},"end":{"line":124,"column":5}},"42":{"start":{"line":102,"column":26},"end":{"line":102,"column":86}},"43":{"start":{"line":103,"column":23},"end":{"line":103,"column":87}},"44":{"start":{"line":105,"column":4},"end":{"line":123,"column":5}},"45":{"start":{"line":106,"column":27},"end":{"line":114,"column":8}},"46":{"start":{"line":116,"column":28},"end":{"line":116,"column":110}},"47":{"start":{"line":116,"column":71},"end":{"line":116,"column":106}},"48":{"start":{"line":118,"column":6},"end":{"line":118,"column":63}},"49":{"start":{"line":119,"column":6},"end":{"line":119,"column":48}},"50":{"start":{"line":121,"column":6},"end":{"line":121,"column":80}},"51":{"start":{"line":122,"column":6},"end":{"line":122,"column":66}}},"fnMap":{"0":{"name":"financeiroRoutes","decl":{"start":{"line":28,"column":22},"end":{"line":28,"column":38}},"loc":{"start":{"line":28,"column":62},"end":{"line":125,"column":1}}},"1":{"name":"(anonymous_1)","decl":{"start":{"line":32,"column":5},"end":{"line":32,"column":10}},"loc":{"start":{"line":32,"column":30},"end":{"line":46,"column":3}}},"2":{"name":"(anonymous_2)","decl":{"start":{"line":51,"column":5},"end":{"line":51,"column":10}},"loc":{"start":{"line":51,"column":30},"end":{"line":61,"column":3}}},"3":{"name":"(anonymous_3)","decl":{"start":{"line":66,"column":5},"end":{"line":66,"column":10}},"loc":{"start":{"line":66,"column":30},"end":{"line":79,"column":3}}},"4":{"name":"(anonymous_4)","decl":{"start":{"line":84,"column":5},"end":{"line":84,"column":10}},"loc":{"start":{"line":84,"column":30},"end":{"line":96,"column":3}}},"5":{"name":"(anonymous_5)","decl":{"start":{"line":101,"column":5},"end":{"line":101,"column":10}},"loc":{"start":{"line":101,"column":30},"end":{"line":124,"column":3}}},"6":{"name":"(anonymous_6)","decl":{"start":{"line":116,"column":48},"end":{"line":116,"column":49}},"loc":{"start":{"line":116,"column":71},"end":{"line":116,"column":106}}}},"branchMap":{"0":{"loc":{"start":{"line":116,"column":80},"end":{"line":116,"column":105}},"type":"binary-expr","locations":[{"start":{"line":116,"column":80},"end":{"line":116,"column":100}},{"start":{"line":116,"column":104},"end":{"line":116,"column":105}}]}},"s":{"0":1,"1":1,"2":1,"3":1,"4":1,"5":1,"6":1,"7":1,"8":1,"9":0,"10":0,"11":0,"12":0,"13":0,"14":0,"15":0,"16":0,"17":1,"18":0,"19":0,"20":0,"21":0,"22":0,"23":0,"24":1,"25":0,"26":0,"27":0,"28":0,"29":0,"30":0,"31":0,"32":0,"33":1,"34":0,"35":0,"36":0,"37":0,"38":0,"39":0,"40":0,"41":1,"42":0,"43":0,"44":0,"45":0,"46":0,"47":0,"48":0,"49":0,"50":0,"51":0},"f":{"0":1,"1":0,"2":0,"3":0,"4":0,"5":0,"6":0},"b":{"0":[0,0]}}
,"/Users/joaoguilhermedecastro/Desktop/PRIVADO/Infinity Cursos/Programaçao/back-infinity/src/routes/presencaRoutes.ts": {"path":"/Users/joaoguilhermedecastro/Desktop/PRIVADO/Infinity Cursos/Programaçao/back-infinity/src/routes/presencaRoutes.ts","statementMap":{"0":{"start":{"line":6,"column":0},"end":{"line":6,"column":7}},"1":{"start":{"line":2,"column":0},"end":{"line":2,"column":52}},"2":{"start":{"line":3,"column":0},"end":{"line":3,"column":66}},"3":{"start":{"line":4,"column":0},"end":{"line":4,"column":39}},"4":{"start":{"line":8,"column":2},"end":{"line":25,"column":5}},"5":{"start":{"line":9,"column":4},"end":{"line":24,"column":5}},"6":{"start":{"line":10,"column":57},"end":{"line":10,"column":69}},"7":{"start":{"line":11,"column":19},"end":{"line":11,"column":29}},"8":{"start":{"line":13,"column":27},"end":{"line":19,"column":8}},"9":{"start":{"line":21,"column":6},"end":{"line":21,"column":43}},"10":{"start":{"line":23,"column":6},"end":{"line":23,"column":66}},"11":{"start":{"line":28,"column":2},"end":{"line":38,"column":5}},"12":{"start":{"line":29,"column":19},"end":{"line":29,"column":51}},"13":{"start":{"line":30,"column":4},"end":{"line":37,"column":5}},"14":{"start":{"line":31,"column":24},"end":{"line":33,"column":8}},"15":{"start":{"line":34,"column":6},"end":{"line":34,"column":40}},"16":{"start":{"line":36,"column":6},"end":{"line":36,"column":66}},"17":{"start":{"line":41,"column":2},"end":{"line":58,"column":5}},"18":{"start":{"line":42,"column":24},"end":{"line":42,"column":61}},"19":{"start":{"line":44,"column":4},"end":{"line":57,"column":5}},"20":{"start":{"line":46,"column":24},"end":{"line":48,"column":8}},"21":{"start":{"line":50,"column":6},"end":{"line":52,"column":7}},"22":{"start":{"line":51,"column":8},"end":{"line":51,"column":97}},"23":{"start":{"line":54,"column":6},"end":{"line":54,"column":40}},"24":{"start":{"line":56,"column":6},"end":{"line":56,"column":66}}},"fnMap":{"0":{"name":"presencaRoutes","decl":{"start":{"line":6,"column":22},"end":{"line":6,"column":36}},"loc":{"start":{"line":6,"column":60},"end":{"line":59,"column":1}}},"1":{"name":"(anonymous_1)","decl":{"start":{"line":8,"column":149},"end":{"line":8,"column":154}},"loc":{"start":{"line":8,"column":174},"end":{"line":25,"column":3}}},"2":{"name":"(anonymous_2)","decl":{"start":{"line":28,"column":70},"end":{"line":28,"column":75}},"loc":{"start":{"line":28,"column":95},"end":{"line":38,"column":3}}},"3":{"name":"(anonymous_3)","decl":{"start":{"line":41,"column":75},"end":{"line":41,"column":80}},"loc":{"start":{"line":41,"column":100},"end":{"line":58,"column":3}}}},"branchMap":{"0":{"loc":{"start":{"line":50,"column":6},"end":{"line":52,"column":7}},"type":"if","locations":[{"start":{"line":50,"column":6},"end":{"line":52,"column":7}}]}},"s":{"0":1,"1":1,"2":1,"3":1,"4":1,"5":0,"6":0,"7":0,"8":0,"9":0,"10":0,"11":1,"12":0,"13":0,"14":0,"15":0,"16":0,"17":1,"18":0,"19":0,"20":0,"21":0,"22":0,"23":0,"24":0},"f":{"0":1,"1":0,"2":0,"3":0},"b":{"0":[0]}}
,"/Users/joaoguilhermedecastro/Desktop/PRIVADO/Infinity Cursos/Programaçao/back-infinity/src/routes/usuarioRoutes.ts": {"path":"/Users/joaoguilhermedecastro/Desktop/PRIVADO/Infinity Cursos/Programaçao/back-infinity/src/routes/usuarioRoutes.ts","statementMap":{"0":{"start":{"line":12,"column":0},"end":{"line":12,"column":7}},"1":{"start":{"line":2,"column":0},"end":{"line":2,"column":72}},"2":{"start":{"line":3,"column":0},"end":{"line":3,"column":52}},"3":{"start":{"line":13,"column":2},"end":{"line":22,"column":5}},"4":{"start":{"line":16,"column":4},"end":{"line":21,"column":5}},"5":{"start":{"line":17,"column":26},"end":{"line":17,"column":56}},"6":{"start":{"line":18,"column":6},"end":{"line":18,"column":42}},"7":{"start":{"line":20,"column":6},"end":{"line":20,"column":66}}},"fnMap":{"0":{"name":"usuarioRoutes","decl":{"start":{"line":12,"column":22},"end":{"line":12,"column":35}},"loc":{"start":{"line":12,"column":59},"end":{"line":23,"column":1}}},"1":{"name":"(anonymous_1)","decl":{"start":{"line":15,"column":5},"end":{"line":15,"column":10}},"loc":{"start":{"line":15,"column":30},"end":{"line":22,"column":3}}}},"branchMap":{},"s":{"0":1,"1":1,"2":1,"3":1,"4":0,"5":0,"6":0,"7":0},"f":{"0":1,"1":0},"b":{}}
,"/Users/joaoguilhermedecastro/Desktop/PRIVADO/Infinity Cursos/Programaçao/back-infinity/src/use-case/baixaEestornoPagamento.ts": {"path":"/Users/joaoguilhermedecastro/Desktop/PRIVADO/Infinity Cursos/Programaçao/back-infinity/src/use-case/baixaEestornoPagamento.ts","statementMap":{"0":{"start":{"line":6,"column":0},"end":{"line":6,"column":7}},"1":{"start":{"line":43,"column":0},"end":{"line":43,"column":7}},"2":{"start":{"line":1,"column":0},"end":{"line":1,"column":39}},"3":{"start":{"line":2,"column":0},"end":{"line":2,"column":76}},"4":{"start":{"line":4,"column":29},"end":{"line":4,"column":55}},"5":{"start":{"line":7,"column":21},"end":{"line":9,"column":4}},"6":{"start":{"line":11,"column":2},"end":{"line":13,"column":3}},"7":{"start":{"line":12,"column":4},"end":{"line":12,"column":59}},"8":{"start":{"line":16,"column":27},"end":{"line":16,"column":40}},"9":{"start":{"line":17,"column":27},"end":{"line":17,"column":75}},"10":{"start":{"line":18,"column":24},"end":{"line":18,"column":65}},"11":{"start":{"line":20,"column":17},"end":{"line":20,"column":57}},"12":{"start":{"line":22,"column":31},"end":{"line":31,"column":4}},"13":{"start":{"line":33,"column":2},"end":{"line":40,"column":4}},"14":{"start":{"line":44,"column":21},"end":{"line":46,"column":4}},"15":{"start":{"line":48,"column":2},"end":{"line":50,"column":3}},"16":{"start":{"line":49,"column":4},"end":{"line":49,"column":59}},"17":{"start":{"line":52,"column":30},"end":{"line":61,"column":4}},"18":{"start":{"line":63,"column":2},"end":{"line":70,"column":4}}},"fnMap":{"0":{"name":"darBaixaNoPagamento","decl":{"start":{"line":6,"column":22},"end":{"line":6,"column":41}},"loc":{"start":{"line":6,"column":93},"end":{"line":41,"column":1}}},"1":{"name":"estornarPagamento","decl":{"start":{"line":43,"column":22},"end":{"line":43,"column":39}},"loc":{"start":{"line":43,"column":60},"end":{"line":71,"column":1}}}},"branchMap":{"0":{"loc":{"start":{"line":6,"column":54},"end":{"line":6,"column":74}},"type":"default-arg","locations":[{"start":{"line":6,"column":73},"end":{"line":6,"column":74}}]},"1":{"loc":{"start":{"line":11,"column":2},"end":{"line":13,"column":3}},"type":"if","locations":[{"start":{"line":11,"column":2},"end":{"line":13,"column":3}}]},"2":{"loc":{"start":{"line":16,"column":27},"end":{"line":16,"column":40}},"type":"binary-expr","locations":[{"start":{"line":16,"column":27},"end":{"line":16,"column":35}},{"start":{"line":16,"column":39},"end":{"line":16,"column":40}}]},"3":{"loc":{"start":{"line":20,"column":17},"end":{"line":20,"column":57}},"type":"cond-expr","locations":[{"start":{"line":20,"column":38},"end":{"line":20,"column":44}},{"start":{"line":20,"column":47},"end":{"line":20,"column":57}}]},"4":{"loc":{"start":{"line":27,"column":13},"end":{"line":27,"column":50}},"type":"cond-expr","locations":[{"start":{"line":27,"column":33},"end":{"line":27,"column":46}},{"start":{"line":27,"column":49},"end":{"line":27,"column":50}}]},"5":{"loc":{"start":{"line":48,"column":2},"end":{"line":50,"column":3}},"type":"if","locations":[{"start":{"line":48,"column":2},"end":{"line":50,"column":3}}]},"6":{"loc":{"start":{"line":55,"column":13},"end":{"line":55,"column":57}},"type":"binary-expr","locations":[{"start":{"line":55,"column":13},"end":{"line":55,"column":37}},{"start":{"line":55,"column":41},"end":{"line":55,"column":57}}]}},"s":{"0":1,"1":1,"2":1,"3":1,"4":1,"5":0,"6":0,"7":0,"8":0,"9":0,"10":0,"11":0,"12":0,"13":0,"14":0,"15":0,"16":0,"17":0,"18":0},"f":{"0":0,"1":0},"b":{"0":[0],"1":[0],"2":[0,0],"3":[0,0],"4":[0,0],"5":[0],"6":[0,0]}}
,"/Users/joaoguilhermedecastro/Desktop/PRIVADO/Infinity Cursos/Programaçao/back-infinity/src/use-case/createCourse.ts": {"path":"/Users/joaoguilhermedecastro/Desktop/PRIVADO/Infinity Cursos/Programaçao/back-infinity/src/use-case/createCourse.ts","statementMap":{"0":{"start":{"line":5,"column":0},"end":{"line":5,"column":7}},"1":{"start":{"line":1,"column":0},"end":{"line":1,"column":66}},"2":{"start":{"line":3,"column":24},"end":{"line":3,"column":45}},"3":{"start":{"line":12,"column":2},"end":{"line":12,"column":38}}},"fnMap":{"0":{"name":"createCourse","decl":{"start":{"line":5,"column":22},"end":{"line":5,"column":34}},"loc":{"start":{"line":11,"column":1},"end":{"line":13,"column":1}}}},"branchMap":{},"s":{"0":1,"1":1,"2":1,"3":1},"f":{"0":1},"b":{}}
,"/Users/joaoguilhermedecastro/Desktop/PRIVADO/Infinity Cursos/Programaçao/back-infinity/src/use-case/createFinanceiro.ts": {"path":"/Users/joaoguilhermedecastro/Desktop/PRIVADO/Infinity Cursos/Programaçao/back-infinity/src/use-case/createFinanceiro.ts","statementMap":{"0":{"start":{"line":6,"column":0},"end":{"line":6,"column":7}},"1":{"start":{"line":1,"column":0},"end":{"line":1,"column":76}},"2":{"start":{"line":2,"column":0},"end":{"line":2,"column":50}},"3":{"start":{"line":4,"column":29},"end":{"line":4,"column":55}},"4":{"start":{"line":14,"column":2},"end":{"line":16,"column":3}},"5":{"start":{"line":15,"column":4},"end":{"line":15,"column":55}},"6":{"start":{"line":18,"column":23},"end":{"line":18,"column":59}},"7":{"start":{"line":19,"column":15},"end":{"line":19,"column":25}},"8":{"start":{"line":21,"column":2},"end":{"line":33,"column":3}},"9":{"start":{"line":21,"column":15},"end":{"line":21,"column":16}},"10":{"start":{"line":22,"column":27},"end":{"line":22,"column":41}},"11":{"start":{"line":23,"column":4},"end":{"line":23,"column":49}},"12":{"start":{"line":25,"column":4},"end":{"line":32,"column":7}},"13":{"start":{"line":35,"column":2},"end":{"line":35,"column":56}}},"fnMap":{"0":{"name":"createFinanceiro","decl":{"start":{"line":6,"column":22},"end":{"line":6,"column":38}},"loc":{"start":{"line":12,"column":1},"end":{"line":36,"column":1}}}},"branchMap":{"0":{"loc":{"start":{"line":14,"column":2},"end":{"line":16,"column":3}},"type":"if","locations":[{"start":{"line":14,"column":2},"end":{"line":16,"column":3}}]}},"s":{"0":1,"1":1,"2":1,"3":1,"4":0,"5":0,"6":0,"7":0,"8":0,"9":0,"10":0,"11":0,"12":0,"13":0},"f":{"0":0},"b":{"0":[0]}}
,"/Users/joaoguilhermedecastro/Desktop/PRIVADO/Infinity Cursos/Programaçao/back-infinity/src/use-case/createUser.ts": {"path":"/Users/joaoguilhermedecastro/Desktop/PRIVADO/Infinity Cursos/Programaçao/back-infinity/src/use-case/createUser.ts","statementMap":{"0":{"start":{"line":6,"column":0},"end":{"line":6,"column":7}},"1":{"start":{"line":1,"column":0},"end":{"line":1,"column":30}},"2":{"start":{"line":2,"column":0},"end":{"line":2,"column":70}},"3":{"start":{"line":4,"column":26},"end":{"line":4,"column":49}},"4":{"start":{"line":7,"column":25},"end":{"line":7,"column":58}},"5":{"start":{"line":8,"column":2},"end":{"line":11,"column":5}}},"fnMap":{"0":{"name":"createUser","decl":{"start":{"line":6,"column":22},"end":{"line":6,"column":32}},"loc":{"start":{"line":6,"column":100},"end":{"line":12,"column":1}}}},"branchMap":{},"s":{"0":1,"1":1,"2":1,"3":1,"4":0,"5":0},"f":{"0":0},"b":{}}
,"/Users/joaoguilhermedecastro/Desktop/PRIVADO/Infinity Cursos/Programaçao/back-infinity/src/use-case/getCourseReport.ts": {"path":"/Users/joaoguilhermedecastro/Desktop/PRIVADO/Infinity Cursos/Programaçao/back-infinity/src/use-case/getCourseReport.ts","statementMap":{"0":{"start":{"line":6,"column":0},"end":{"line":6,"column":7}},"1":{"start":{"line":1,"column":0},"end":{"line":1,"column":66}},"2":{"start":{"line":3,"column":24},"end":{"line":3,"column":45}},"3":{"start":{"line":7,"column":2},"end":{"line":7,"column":35}}},"fnMap":{"0":{"name":"getCourseReport","decl":{"start":{"line":6,"column":22},"end":{"line":6,"column":37}},"loc":{"start":{"line":6,"column":37},"end":{"line":8,"column":1}}}},"branchMap":{},"s":{"0":1,"1":1,"2":1,"3":0},"f":{"0":0},"b":{}}
,"/Users/joaoguilhermedecastro/Desktop/PRIVADO/Infinity Cursos/Programaçao/back-infinity/src/use-case/getDebtorsReport.ts": {"path":"/Users/joaoguilhermedecastro/Desktop/PRIVADO/Infinity Cursos/Programaçao/back-infinity/src/use-case/getDebtorsReport.ts","statementMap":{"0":{"start":{"line":63,"column":9},"end":{"line":63,"column":25}},"1":{"start":{"line":1,"column":0},"end":{"line":1,"column":39}},"2":{"start":{"line":4,"column":2},"end":{"line":60,"column":3}},"3":{"start":{"line":6,"column":19},"end":{"line":28,"column":6}},"4":{"start":{"line":31,"column":22},"end":{"line":54,"column":6}},"5":{"start":{"line":32,"column":32},"end":{"line":32,"column":72}},"6":{"start":{"line":33,"column":31},"end":{"line":33,"column":97}},"7":{"start":{"line":33,"column":74},"end":{"line":33,"column":93}},"8":{"start":{"line":36,"column":30},"end":{"line":40,"column":11}},"9":{"start":{"line":37,"column":22},"end":{"line":37,"column":104}},"10":{"start":{"line":38,"column":22},"end":{"line":38,"column":104}},"11":{"start":{"line":39,"column":8},"end":{"line":39,"column":29}},"12":{"start":{"line":42,"column":34},"end":{"line":44,"column":14}},"13":{"start":{"line":46,"column":6},"end":{"line":53,"column":8}},"14":{"start":{"line":56,"column":4},"end":{"line":56,"column":21}},"15":{"start":{"line":58,"column":4},"end":{"line":58,"column":54}},"16":{"start":{"line":59,"column":4},"end":{"line":59,"column":63}}},"fnMap":{"0":{"name":"getDebtorsReport","decl":{"start":{"line":3,"column":15},"end":{"line":3,"column":31}},"loc":{"start":{"line":3,"column":31},"end":{"line":61,"column":1}}},"1":{"name":"(anonymous_1)","decl":{"start":{"line":31,"column":33},"end":{"line":31,"column":38}},"loc":{"start":{"line":31,"column":41},"end":{"line":54,"column":5}}},"2":{"name":"(anonymous_2)","decl":{"start":{"line":33,"column":56},"end":{"line":33,"column":57}},"loc":{"start":{"line":33,"column":74},"end":{"line":33,"column":93}}},"3":{"name":"(anonymous_3)","decl":{"start":{"line":36,"column":53},"end":{"line":36,"column":54}},"loc":{"start":{"line":36,"column":62},"end":{"line":40,"column":7}}}},"branchMap":{"0":{"loc":{"start":{"line":32,"column":32},"end":{"line":32,"column":72}},"type":"binary-expr","locations":[{"start":{"line":32,"column":32},"end":{"line":32,"column":66}},{"start":{"line":32,"column":70},"end":{"line":32,"column":72}}]},"1":{"loc":{"start":{"line":37,"column":22},"end":{"line":37,"column":104}},"type":"cond-expr","locations":[{"start":{"line":37,"column":41},"end":{"line":37,"column":77}},{"start":{"line":37,"column":80},"end":{"line":37,"column":104}}]},"2":{"loc":{"start":{"line":38,"column":22},"end":{"line":38,"column":104}},"type":"cond-expr","locations":[{"start":{"line":38,"column":41},"end":{"line":38,"column":77}},{"start":{"line":38,"column":80},"end":{"line":38,"column":104}}]},"3":{"loc":{"start":{"line":42,"column":34},"end":{"line":44,"column":14}},"type":"cond-expr","locations":[{"start":{"line":43,"column":10},"end":{"line":43,"column":111}},{"start":{"line":44,"column":10},"end":{"line":44,"column":14}}]},"4":{"loc":{"start":{"line":49,"column":15},"end":{"line":49,"column":52}},"type":"binary-expr","locations":[{"start":{"line":49,"column":15},"end":{"line":49,"column":43}},{"start":{"line":49,"column":47},"end":{"line":49,"column":52}}]}},"s":{"0":1,"1":1,"2":0,"3":0,"4":0,"5":0,"6":0,"7":0,"8":0,"9":0,"10":0,"11":0,"12":0,"13":0,"14":0,"15":0,"16":0},"f":{"0":0,"1":0,"2":0,"3":0},"b":{"0":[0,0],"1":[0,0],"2":[0,0],"3":[0,0],"4":[0,0]}}
,"/Users/joaoguilhermedecastro/Desktop/PRIVADO/Infinity Cursos/Programaçao/back-infinity/src/use-case/loginUser.ts": {"path":"/Users/joaoguilhermedecastro/Desktop/PRIVADO/Infinity Cursos/Programaçao/back-infinity/src/use-case/loginUser.ts","statementMap":{"0":{"start":{"line":8,"column":0},"end":{"line":8,"column":7}},"1":{"start":{"line":1,"column":0},"end":{"line":1,"column":30}},"2":{"start":{"line":2,"column":0},"end":{"line":2,"column":31}},"3":{"start":{"line":3,"column":0},"end":{"line":3,"column":70}},"4":{"start":{"line":4,"column":0},"end":{"line":4,"column":29}},"5":{"start":{"line":6,"column":26},"end":{"line":6,"column":49}},"6":{"start":{"line":9,"column":18},"end":{"line":9,"column":65}},"7":{"start":{"line":11,"column":2},"end":{"line":13,"column":3}},"8":{"start":{"line":12,"column":4},"end":{"line":12,"column":47}},"9":{"start":{"line":15,"column":23},"end":{"line":15,"column":70}},"10":{"start":{"line":16,"column":2},"end":{"line":18,"column":3}},"11":{"start":{"line":17,"column":4},"end":{"line":17,"column":40}},"12":{"start":{"line":20,"column":16},"end":{"line":20,"column":107}},"13":{"start":{"line":22,"column":2},"end":{"line":22,"column":41}}},"fnMap":{"0":{"name":"loginUser","decl":{"start":{"line":8,"column":22},"end":{"line":8,"column":31}},"loc":{"start":{"line":8,"column":70},"end":{"line":23,"column":1}}}},"branchMap":{"0":{"loc":{"start":{"line":11,"column":2},"end":{"line":13,"column":3}},"type":"if","locations":[{"start":{"line":11,"column":2},"end":{"line":13,"column":3}}]},"1":{"loc":{"start":{"line":16,"column":2},"end":{"line":18,"column":3}},"type":"if","locations":[{"start":{"line":16,"column":2},"end":{"line":18,"column":3}}]}},"s":{"0":1,"1":1,"2":1,"3":1,"4":1,"5":1,"6":0,"7":0,"8":0,"9":0,"10":0,"11":0,"12":0,"13":0},"f":{"0":0},"b":{"0":[0],"1":[0]}}
,"/Users/joaoguilhermedecastro/Desktop/PRIVADO/Infinity Cursos/Programaçao/back-infinity/src/use-case/registrarPresenca.ts": {"path":"/Users/joaoguilhermedecastro/Desktop/PRIVADO/Infinity Cursos/Programaçao/back-infinity/src/use-case/registrarPresenca.ts","statementMap":{"0":{"start":{"line":5,"column":0},"end":{"line":5,"column":7}},"1":{"start":{"line":1,"column":0},"end":{"line":1,"column":72}},"2":{"start":{"line":3,"column":27},"end":{"line":3,"column":51}},"3":{"start":{"line":6,"column":2},"end":{"line":6,"column":41}}},"fnMap":{"0":{"name":"registrarPresenca","decl":{"start":{"line":5,"column":22},"end":{"line":5,"column":39}},"loc":{"start":{"line":5,"column":134},"end":{"line":7,"column":1}}}},"branchMap":{},"s":{"0":1,"1":1,"2":1,"3":0},"f":{"0":0},"b":{}}
}
