TN:
SF:src/server.ts
FN:12,buildServer
FN:34,(anonymous_2)
FNF:2
FNH:1
FNDA:1,buildServer
FNDA:0,(anonymous_2)
DA:1,1
DA:2,1
DA:3,1
DA:4,1
DA:5,1
DA:6,1
DA:7,1
DA:8,1
DA:9,1
DA:10,1
DA:12,1
DA:13,1
DA:16,1
DA:17,1
DA:18,1
DA:19,1
DA:20,1
DA:21,1
DA:24,1
DA:28,1
DA:32,1
DA:33,0
DA:34,0
DA:35,0
DA:36,0
DA:37,0
DA:39,0
LF:27
LH:21
BRDA:32,0,0,0
BRDA:35,1,0,0
BRF:2
BRH:0
end_of_record
TN:
SF:src/env/index.ts
FNF:0
FNH:0
DA:1,1
DA:3,1
DA:10,1
DA:12,1
DA:13,0
DA:14,0
DA:17,1
LF:7
LH:5
BRDA:12,0,0,0
BRF:1
BRH:0
end_of_record
TN:
SF:src/lib/prisma.ts
FNF:0
FNH:0
DA:1,1
DA:3,1
DA:5,1
LF:3
LH:3
BRF:0
BRH:0
end_of_record
TN:
SF:src/middleware/auth.ts
FN:5,verificarToken
FN:22,verificarPermissao
FN:23,(anonymous_3)
FNF:3
FNH:3
FNDA:1,verificarToken
FNDA:10,verificarPermissao
FNDA:1,(anonymous_3)
DA:2,1
DA:3,1
DA:5,1
DA:6,1
DA:7,1
DA:8,1
DA:9,0
DA:12,1
DA:14,1
DA:17,0
DA:22,1
DA:23,10
DA:24,1
DA:25,0
DA:28,1
DA:30,1
DA:31,0
LF:17
LH:13
BRDA:8,0,0,0
BRDA:24,1,0,0
BRDA:24,2,0,1
BRDA:24,2,1,1
BRDA:30,3,0,0
BRF:5
BRH:2
end_of_record
TN:
SF:src/repositories/PresencaRepository.ts
FN:4,(anonymous_0)
FN:10,(anonymous_1)
FN:16,(anonymous_2)
FN:22,(anonymous_3)
FN:28,(anonymous_4)
FNF:5
FNH:0
FNDA:0,(anonymous_0)
FNDA:0,(anonymous_1)
FNDA:0,(anonymous_2)
FNDA:0,(anonymous_3)
FNDA:0,(anonymous_4)
DA:1,1
DA:3,1
DA:5,0
DA:11,0
DA:17,0
DA:23,0
DA:29,0
LF:7
LH:2
BRF:0
BRH:0
end_of_record
TN:
SF:src/repositories/cursoRepository.ts
FN:4,(anonymous_0)
FN:16,(anonymous_1)
FN:26,(anonymous_2)
FN:35,(anonymous_3)
FN:42,(anonymous_4)
FNF:5
FNH:1
FNDA:1,(anonymous_0)
FNDA:0,(anonymous_1)
FNDA:0,(anonymous_2)
FNDA:0,(anonymous_3)
FNDA:0,(anonymous_4)
DA:1,1
DA:3,1
DA:5,1
DA:17,0
DA:27,0
DA:36,0
DA:43,0
LF:7
LH:3
BRF:0
BRH:0
end_of_record
TN:
SF:src/repositories/financeiroRepository.ts
FN:5,(anonymous_0)
FN:19,(anonymous_1)
FN:46,(anonymous_2)
FN:68,(anonymous_3)
FN:74,(anonymous_4)
FN:81,(anonymous_5)
FN:90,(anonymous_6)
FN:101,(anonymous_7)
FN:107,(anonymous_8)
FNF:9
FNH:0
FNDA:0,(anonymous_0)
FNDA:0,(anonymous_1)
FNDA:0,(anonymous_2)
FNDA:0,(anonymous_3)
FNDA:0,(anonymous_4)
FNDA:0,(anonymous_5)
FNDA:0,(anonymous_6)
FNDA:0,(anonymous_7)
FNDA:0,(anonymous_8)
DA:1,1
DA:2,1
DA:4,1
DA:6,0
DA:20,0
DA:24,0
DA:25,0
DA:28,0
DA:29,0
DA:32,0
DA:34,0
DA:47,0
DA:51,0
DA:52,0
DA:55,0
DA:69,0
DA:75,0
DA:82,0
DA:89,0
DA:91,0
DA:98,0
DA:102,0
DA:108,0
DA:110,0
DA:112,0
DA:124,0
DA:126,0
DA:127,0
LF:28
LH:3
BRDA:24,0,0,0
BRDA:28,1,0,0
BRDA:51,2,0,0
BRDA:58,3,0,0
BRDA:58,3,1,0
BRDA:70,4,0,0
BRDA:70,4,1,0
BRF:7
BRH:0
end_of_record
TN:
SF:src/repositories/usuarioRepository.ts
FN:4,(anonymous_0)
FN:10,(anonymous_1)
FNF:2
FNH:0
FNDA:0,(anonymous_0)
FNDA:0,(anonymous_1)
DA:1,1
DA:3,1
DA:5,0
DA:11,0
LF:4
LH:2
BRF:0
BRH:0
end_of_record
TN:
SF:src/routes/alunoRoutes.ts
FN:19,alunoRoutes
FN:20,(anonymous_2)
FN:45,(anonymous_3)
FN:69,(anonymous_4)
FN:101,(anonymous_5)
FN:124,(anonymous_6)
FN:142,(anonymous_7)
FNF:7
FNH:1
FNDA:1,alunoRoutes
FNDA:0,(anonymous_2)
FNDA:0,(anonymous_3)
FNDA:0,(anonymous_4)
FNDA:0,(anonymous_5)
FNDA:0,(anonymous_6)
FNDA:0,(anonymous_7)
DA:2,1
DA:3,1
DA:4,1
DA:19,1
DA:20,1
DA:21,0
DA:22,0
DA:24,0
DA:35,0
DA:37,0
DA:41,1
DA:46,0
DA:47,0
DA:56,0
DA:58,0
DA:64,1
DA:70,0
DA:71,0
DA:86,0
DA:87,0
DA:88,0
DA:91,0
DA:93,0
DA:94,0
DA:99,1
DA:102,0
DA:103,0
DA:105,0
DA:106,0
DA:118,0
DA:120,0
DA:124,1
DA:125,0
DA:127,0
DA:128,0
DA:133,0
DA:135,0
DA:139,1
DA:143,0
DA:144,0
DA:145,0
DA:147,0
DA:148,0
DA:152,0
DA:156,0
DA:157,0
DA:161,0
DA:163,0
DA:164,0
DA:168,0
DA:172,0
DA:174,0
DA:175,0
LF:53
LH:10
BRDA:86,0,0,0
BRDA:147,1,0,0
BRDA:156,2,0,0
BRDA:163,3,0,0
BRF:4
BRH:0
end_of_record
TN:
SF:src/routes/authRoutes.ts
FN:9,authRoutes
FN:10,(anonymous_1)
FNF:2
FNH:1
FNDA:1,authRoutes
FNDA:0,(anonymous_1)
DA:2,1
DA:9,1
DA:10,1
DA:11,0
DA:12,0
DA:14,0
DA:15,0
DA:18,0
DA:20,0
DA:22,0
LF:10
LH:3
BRDA:14,0,0,0
BRDA:14,1,0,0
BRDA:14,1,1,0
BRF:3
BRH:0
end_of_record
TN:
SF:src/routes/cursoRoutes.ts
FN:16,cursoRoutes
FN:19,(anonymous_1)
FN:39,(anonymous_2)
FN:50,(anonymous_3)
FNF:4
FNH:2
FNDA:1,cursoRoutes
FNDA:1,(anonymous_1)
FNDA:0,(anonymous_2)
FNDA:0,(anonymous_3)
DA:2,1
DA:3,1
DA:4,1
DA:5,1
DA:16,1
DA:17,1
DA:20,1
DA:21,1
DA:23,1
DA:31,1
DA:33,0
DA:37,1
DA:40,0
DA:41,0
DA:42,0
DA:44,0
DA:48,1
DA:51,0
DA:52,0
DA:53,0
DA:56,0
DA:57,0
DA:59,0
DA:61,0
LF:24
LH:12
BRDA:56,0,0,0
BRF:1
BRH:0
end_of_record
TN:
SF:src/routes/financeiroRoutes.ts
FN:28,financeiroRoutes
FN:32,(anonymous_1)
FN:51,(anonymous_2)
FN:66,(anonymous_3)
FN:84,(anonymous_4)
FN:101,(anonymous_5)
FN:116,(anonymous_6)
FNF:7
FNH:1
FNDA:1,financeiroRoutes
FNDA:0,(anonymous_1)
FNDA:0,(anonymous_2)
FNDA:0,(anonymous_3)
FNDA:0,(anonymous_4)
FNDA:0,(anonymous_5)
FNDA:0,(anonymous_6)
DA:2,1
DA:3,1
DA:4,1
DA:5,1
DA:6,1
DA:7,1
DA:10,1
DA:28,1
DA:30,1
DA:33,0
DA:35,0
DA:36,0
DA:38,0
DA:40,0
DA:41,0
DA:43,0
DA:44,0
DA:49,1
DA:52,0
DA:53,0
DA:55,0
DA:56,0
DA:58,0
DA:59,0
DA:64,1
DA:67,0
DA:68,0
DA:70,0
DA:71,0
DA:72,0
DA:74,0
DA:76,0
DA:77,0
DA:82,1
DA:85,0
DA:87,0
DA:88,0
DA:89,0
DA:91,0
DA:93,0
DA:94,0
DA:99,1
DA:102,0
DA:103,0
DA:105,0
DA:106,0
DA:116,0
DA:118,0
DA:119,0
DA:121,0
DA:122,0
LF:51
LH:13
BRDA:116,0,0,0
BRDA:116,0,1,0
BRF:2
BRH:0
end_of_record
TN:
SF:src/routes/presencaRoutes.ts
FN:6,presencaRoutes
FN:8,(anonymous_1)
FN:28,(anonymous_2)
FN:41,(anonymous_3)
FNF:4
FNH:1
FNDA:1,presencaRoutes
FNDA:0,(anonymous_1)
FNDA:0,(anonymous_2)
FNDA:0,(anonymous_3)
DA:2,1
DA:3,1
DA:4,1
DA:6,1
DA:8,1
DA:9,0
DA:10,0
DA:11,0
DA:13,0
DA:21,0
DA:23,0
DA:28,1
DA:29,0
DA:30,0
DA:31,0
DA:34,0
DA:36,0
DA:41,1
DA:42,0
DA:44,0
DA:46,0
DA:50,0
DA:51,0
DA:54,0
DA:56,0
LF:25
LH:7
BRDA:50,0,0,0
BRF:1
BRH:0
end_of_record
TN:
SF:src/routes/usuarioRoutes.ts
FN:12,usuarioRoutes
FN:15,(anonymous_1)
FNF:2
FNH:1
FNDA:1,usuarioRoutes
FNDA:0,(anonymous_1)
DA:2,1
DA:3,1
DA:12,1
DA:13,1
DA:16,0
DA:17,0
DA:18,0
DA:20,0
LF:8
LH:4
BRF:0
BRH:0
end_of_record
TN:
SF:src/use-case/baixaEestornoPagamento.ts
FN:6,darBaixaNoPagamento
FN:43,estornarPagamento
FNF:2
FNH:0
FNDA:0,darBaixaNoPagamento
FNDA:0,estornarPagamento
DA:1,1
DA:2,1
DA:4,1
DA:6,1
DA:7,0
DA:11,0
DA:12,0
DA:16,0
DA:17,0
DA:18,0
DA:20,0
DA:22,0
DA:33,0
DA:43,1
DA:44,0
DA:48,0
DA:49,0
DA:52,0
DA:63,0
LF:19
LH:5
BRDA:6,0,0,0
BRDA:11,1,0,0
BRDA:16,2,0,0
BRDA:16,2,1,0
BRDA:20,3,0,0
BRDA:20,3,1,0
BRDA:27,4,0,0
BRDA:27,4,1,0
BRDA:48,5,0,0
BRDA:55,6,0,0
BRDA:55,6,1,0
BRF:11
BRH:0
end_of_record
TN:
SF:src/use-case/createCourse.ts
FN:5,createCourse
FNF:1
FNH:1
FNDA:1,createCourse
DA:1,1
DA:3,1
DA:5,1
DA:12,1
LF:4
LH:4
BRF:0
BRH:0
end_of_record
TN:
SF:src/use-case/createFinanceiro.ts
FN:6,createFinanceiro
FNF:1
FNH:0
FNDA:0,createFinanceiro
DA:1,1
DA:2,1
DA:4,1
DA:6,1
DA:14,0
DA:15,0
DA:18,0
DA:19,0
DA:21,0
DA:22,0
DA:23,0
DA:25,0
DA:35,0
LF:13
LH:4
BRDA:14,0,0,0
BRF:1
BRH:0
end_of_record
TN:
SF:src/use-case/createUser.ts
FN:6,createUser
FNF:1
FNH:0
FNDA:0,createUser
DA:1,1
DA:2,1
DA:4,1
DA:6,1
DA:7,0
DA:8,0
LF:6
LH:4
BRF:0
BRH:0
end_of_record
TN:
SF:src/use-case/getCourseReport.ts
FN:6,getCourseReport
FNF:1
FNH:0
FNDA:0,getCourseReport
DA:1,1
DA:3,1
DA:6,1
DA:7,0
LF:4
LH:3
BRF:0
BRH:0
end_of_record
TN:
SF:src/use-case/getDebtorsReport.ts
FN:3,getDebtorsReport
FN:31,(anonymous_1)
FN:33,(anonymous_2)
FN:36,(anonymous_3)
FNF:4
FNH:0
FNDA:0,getDebtorsReport
FNDA:0,(anonymous_1)
FNDA:0,(anonymous_2)
FNDA:0,(anonymous_3)
DA:1,1
DA:4,0
DA:6,0
DA:31,0
DA:32,0
DA:33,0
DA:36,0
DA:37,0
DA:38,0
DA:39,0
DA:42,0
DA:46,0
DA:56,0
DA:58,0
DA:59,0
DA:63,1
LF:16
LH:2
BRDA:32,0,0,0
BRDA:32,0,1,0
BRDA:37,1,0,0
BRDA:37,1,1,0
BRDA:38,2,0,0
BRDA:38,2,1,0
BRDA:42,3,0,0
BRDA:42,3,1,0
BRDA:49,4,0,0
BRDA:49,4,1,0
BRF:10
BRH:0
end_of_record
TN:
SF:src/use-case/loginUser.ts
FN:8,loginUser
FNF:1
FNH:0
FNDA:0,loginUser
DA:1,1
DA:2,1
DA:3,1
DA:4,1
DA:6,1
DA:8,1
DA:9,0
DA:11,0
DA:12,0
DA:15,0
DA:16,0
DA:17,0
DA:20,0
DA:22,0
LF:14
LH:6
BRDA:11,0,0,0
BRDA:16,1,0,0
BRF:2
BRH:0
end_of_record
TN:
SF:src/use-case/registrarPresenca.ts
FN:5,registrarPresenca
FNF:1
FNH:0
FNDA:0,registrarPresenca
DA:1,1
DA:3,1
DA:5,1
DA:6,0
LF:4
LH:3
BRF:0
BRH:0
end_of_record
